  GIANT ROBOT.cpp
F:\temp\GP Assignment\giant-robot-among-us\giant-robot-among-us\GIANT ROBOT.cpp(22,34): warning C4305: 'initializing': truncation from 'double' to 'float'
F:\temp\GP Assignment\giant-robot-among-us\giant-robot-among-us\GIANT ROBOT.cpp(31,24): warning C4305: 'initializing': truncation from 'double' to 'float'
F:\temp\GP Assignment\giant-robot-among-us\giant-robot-among-us\GIANT ROBOT.cpp(32,24): warning C4305: 'initializing': truncation from 'double' to 'float'
F:\temp\GP Assignment\giant-robot-among-us\giant-robot-among-us\GIANT ROBOT.cpp(169,29): warning C4305: 'argument': truncation from 'double' to 'GLclampf'
F:\temp\GP Assignment\giant-robot-among-us\giant-robot-among-us\GIANT ROBOT.cpp(162,7): warning C4101: 'draw': unreferenced local variable
  Head.cpp
F:\temp\GP Assignment\giant-robot-among-us\giant-robot-among-us\Head.cpp(9,16): warning C4305: 'argument': truncation from 'double' to 'float'
  legs.cpp
F:\temp\GP Assignment\giant-robot-among-us\giant-robot-among-us\legs.cpp(13,26): warning C4305: 'argument': truncation from 'double' to 'GLfloat'
F:\temp\GP Assignment\giant-robot-among-us\giant-robot-among-us\legs.cpp(14,24): warning C4305: 'argument': truncation from 'double' to 'GLfloat'
F:\temp\GP Assignment\giant-robot-among-us\giant-robot-among-us\legs.cpp(18,27): warning C4305: 'argument': truncation from 'double' to 'GLfloat'
F:\temp\GP Assignment\giant-robot-among-us\giant-robot-among-us\legs.cpp(19,26): warning C4305: 'argument': truncation from 'double' to 'GLfloat'
F:\temp\GP Assignment\giant-robot-among-us\giant-robot-among-us\legs.cpp(20,27): warning C4305: 'argument': truncation from 'double' to 'GLfloat'
F:\temp\GP Assignment\giant-robot-among-us\giant-robot-among-us\legs.cpp(21,28): warning C4305: 'argument': truncation from 'double' to 'GLfloat'
F:\temp\GP Assignment\giant-robot-among-us\giant-robot-among-us\legs.cpp(23,28): warning C4305: 'argument': truncation from 'double' to 'GLfloat'
F:\temp\GP Assignment\giant-robot-among-us\giant-robot-among-us\legs.cpp(24,27): warning C4305: 'argument': truncation from 'double' to 'GLfloat'
F:\temp\GP Assignment\giant-robot-among-us\giant-robot-among-us\legs.cpp(25,31): warning C4305: 'argument': truncation from 'double' to 'GLfloat'
F:\temp\GP Assignment\giant-robot-among-us\giant-robot-among-us\legs.cpp(26,32): warning C4305: 'argument': truncation from 'double' to 'GLfloat'
F:\temp\GP Assignment\giant-robot-among-us\giant-robot-among-us\legs.cpp(28,32): warning C4305: 'argument': truncation from 'double' to 'GLfloat'
F:\temp\GP Assignment\giant-robot-among-us\giant-robot-among-us\legs.cpp(29,31): warning C4305: 'argument': truncation from 'double' to 'GLfloat'
F:\temp\GP Assignment\giant-robot-among-us\giant-robot-among-us\legs.cpp(30,30): warning C4305: 'argument': truncation from 'double' to 'GLfloat'
F:\temp\GP Assignment\giant-robot-among-us\giant-robot-among-us\legs.cpp(31,31): warning C4305: 'argument': truncation from 'double' to 'GLfloat'
F:\temp\GP Assignment\giant-robot-among-us\giant-robot-among-us\legs.cpp(33,31): warning C4305: 'argument': truncation from 'double' to 'GLfloat'
F:\temp\GP Assignment\giant-robot-among-us\giant-robot-among-us\legs.cpp(34,27): warning C4305: 'argument': truncation from 'double' to 'GLfloat'
F:\temp\GP Assignment\giant-robot-among-us\giant-robot-among-us\legs.cpp(35,28): warning C4305: 'argument': truncation from 'double' to 'GLfloat'
F:\temp\GP Assignment\giant-robot-among-us\giant-robot-among-us\legs.cpp(36,32): warning C4305: 'argument': truncation from 'double' to 'GLfloat'
F:\temp\GP Assignment\giant-robot-among-us\giant-robot-among-us\legs.cpp(38,32): warning C4305: 'argument': truncation from 'double' to 'GLfloat'
F:\temp\GP Assignment\giant-robot-among-us\giant-robot-among-us\legs.cpp(39,28): warning C4305: 'argument': truncation from 'double' to 'GLfloat'
F:\temp\GP Assignment\giant-robot-among-us\giant-robot-among-us\legs.cpp(40,27): warning C4305: 'argument': truncation from 'double' to 'GLfloat'
F:\temp\GP Assignment\giant-robot-among-us\giant-robot-among-us\legs.cpp(41,31): warning C4305: 'argument': truncation from 'double' to 'GLfloat'
F:\temp\GP Assignment\giant-robot-among-us\giant-robot-among-us\legs.cpp(43,31): warning C4305: 'argument': truncation from 'double' to 'GLfloat'
F:\temp\GP Assignment\giant-robot-among-us\giant-robot-among-us\legs.cpp(44,30): warning C4305: 'argument': truncation from 'double' to 'GLfloat'
F:\temp\GP Assignment\giant-robot-among-us\giant-robot-among-us\legs.cpp(45,26): warning C4305: 'argument': truncation from 'double' to 'GLfloat'
F:\temp\GP Assignment\giant-robot-among-us\giant-robot-among-us\legs.cpp(46,27): warning C4305: 'argument': truncation from 'double' to 'GLfloat'
F:\temp\GP Assignment\giant-robot-among-us\giant-robot-among-us\legs.cpp(53,33): warning C4305: 'argument': truncation from 'double' to 'GLfloat'
F:\temp\GP Assignment\giant-robot-among-us\giant-robot-among-us\legs.cpp(54,34): warning C4305: 'argument': truncation from 'double' to 'GLfloat'
F:\temp\GP Assignment\giant-robot-among-us\giant-robot-among-us\legs.cpp(55,29): warning C4305: 'argument': truncation from 'double' to 'GLfloat'
F:\temp\GP Assignment\giant-robot-among-us\giant-robot-among-us\legs.cpp(56,28): warning C4305: 'argument': truncation from 'double' to 'GLfloat'
F:\temp\GP Assignment\giant-robot-among-us\giant-robot-among-us\legs.cpp(58,28): warning C4305: 'argument': truncation from 'double' to 'GLfloat'
F:\temp\GP Assignment\giant-robot-among-us\giant-robot-among-us\legs.cpp(59,24): warning C4305: 'argument': truncation from 'double' to 'GLfloat'
F:\temp\GP Assignment\giant-robot-among-us\giant-robot-among-us\legs.cpp(60,28): warning C4305: 'argument': truncation from 'double' to 'GLfloat'
F:\temp\GP Assignment\giant-robot-among-us\giant-robot-among-us\legs.cpp(61,32): warning C4305: 'argument': truncation from 'double' to 'GLfloat'
F:\temp\GP Assignment\giant-robot-among-us\giant-robot-among-us\legs.cpp(63,32): warning C4305: 'argument': truncation from 'double' to 'GLfloat'
F:\temp\GP Assignment\giant-robot-among-us\giant-robot-among-us\legs.cpp(64,33): warning C4305: 'argument': truncation from 'double' to 'GLfloat'
F:\temp\GP Assignment\giant-robot-among-us\giant-robot-among-us\legs.cpp(65,29): warning C4305: 'argument': truncation from 'double' to 'GLfloat'
F:\temp\GP Assignment\giant-robot-among-us\giant-robot-among-us\legs.cpp(66,28): warning C4305: 'argument': truncation from 'double' to 'GLfloat'
F:\temp\GP Assignment\giant-robot-among-us\giant-robot-among-us\legs.cpp(68,28): warning C4305: 'argument': truncation from 'double' to 'GLfloat'
F:\temp\GP Assignment\giant-robot-among-us\giant-robot-among-us\legs.cpp(69,24): warning C4305: 'argument': truncation from 'double' to 'GLfloat'
F:\temp\GP Assignment\giant-robot-among-us\giant-robot-among-us\legs.cpp(70,25): warning C4305: 'argument': truncation from 'double' to 'GLfloat'
F:\temp\GP Assignment\giant-robot-among-us\giant-robot-among-us\legs.cpp(71,29): warning C4305: 'argument': truncation from 'double' to 'GLfloat'
F:\temp\GP Assignment\giant-robot-among-us\giant-robot-among-us\legs.cpp(73,29): warning C4305: 'argument': truncation from 'double' to 'GLfloat'
F:\temp\GP Assignment\giant-robot-among-us\giant-robot-among-us\legs.cpp(74,33): warning C4305: 'argument': truncation from 'double' to 'GLfloat'
F:\temp\GP Assignment\giant-robot-among-us\giant-robot-among-us\legs.cpp(75,29): warning C4305: 'argument': truncation from 'double' to 'GLfloat'
F:\temp\GP Assignment\giant-robot-among-us\giant-robot-among-us\legs.cpp(76,25): warning C4305: 'argument': truncation from 'double' to 'GLfloat'
F:\temp\GP Assignment\giant-robot-among-us\giant-robot-among-us\legs.cpp(78,25): warning C4305: 'argument': truncation from 'double' to 'GLfloat'
F:\temp\GP Assignment\giant-robot-among-us\giant-robot-among-us\legs.cpp(79,24): warning C4305: 'argument': truncation from 'double' to 'GLfloat'
F:\temp\GP Assignment\giant-robot-among-us\giant-robot-among-us\legs.cpp(80,28): warning C4305: 'argument': truncation from 'double' to 'GLfloat'
F:\temp\GP Assignment\giant-robot-among-us\giant-robot-among-us\legs.cpp(81,29): warning C4305: 'argument': truncation from 'double' to 'GLfloat'
F:\temp\GP Assignment\giant-robot-among-us\giant-robot-among-us\legs.cpp(88,30): warning C4305: 'argument': truncation from 'double' to 'GLfloat'
F:\temp\GP Assignment\giant-robot-among-us\giant-robot-among-us\legs.cpp(89,31): warning C4305: 'argument': truncation from 'double' to 'GLfloat'
F:\temp\GP Assignment\giant-robot-among-us\giant-robot-among-us\legs.cpp(90,29): warning C4305: 'argument': truncation from 'double' to 'GLfloat'
F:\temp\GP Assignment\giant-robot-among-us\giant-robot-among-us\legs.cpp(91,28): warning C4305: 'argument': truncation from 'double' to 'GLfloat'
F:\temp\GP Assignment\giant-robot-among-us\giant-robot-among-us\legs.cpp(93,28): warning C4305: 'argument': truncation from 'double' to 'GLfloat'
F:\temp\GP Assignment\giant-robot-among-us\giant-robot-among-us\legs.cpp(94,31): warning C4305: 'argument': truncation from 'double' to 'GLfloat'
F:\temp\GP Assignment\giant-robot-among-us\giant-robot-among-us\legs.cpp(95,32): warning C4305: 'argument': truncation from 'double' to 'GLfloat'
F:\temp\GP Assignment\giant-robot-among-us\giant-robot-among-us\legs.cpp(96,29): warning C4305: 'argument': truncation from 'double' to 'GLfloat'
F:\temp\GP Assignment\giant-robot-among-us\giant-robot-among-us\legs.cpp(98,29): warning C4305: 'argument': truncation from 'double' to 'GLfloat'
F:\temp\GP Assignment\giant-robot-among-us\giant-robot-among-us\legs.cpp(99,31): warning C4305: 'argument': truncation from 'double' to 'GLfloat'
F:\temp\GP Assignment\giant-robot-among-us\giant-robot-among-us\legs.cpp(100,31): warning C4305: 'argument': truncation from 'double' to 'GLfloat'
F:\temp\GP Assignment\giant-robot-among-us\giant-robot-among-us\legs.cpp(101,32): warning C4305: 'argument': truncation from 'double' to 'GLfloat'
F:\temp\GP Assignment\giant-robot-among-us\giant-robot-among-us\legs.cpp(103,32): warning C4305: 'argument': truncation from 'double' to 'GLfloat'
F:\temp\GP Assignment\giant-robot-among-us\giant-robot-among-us\legs.cpp(104,31): warning C4305: 'argument': truncation from 'double' to 'GLfloat'
F:\temp\GP Assignment\giant-robot-among-us\giant-robot-among-us\legs.cpp(105,30): warning C4305: 'argument': truncation from 'double' to 'GLfloat'
F:\temp\GP Assignment\giant-robot-among-us\giant-robot-among-us\legs.cpp(106,31): warning C4305: 'argument': truncation from 'double' to 'GLfloat'
F:\temp\GP Assignment\giant-robot-among-us\giant-robot-among-us\legs.cpp(108,31): warning C4305: 'argument': truncation from 'double' to 'GLfloat'
F:\temp\GP Assignment\giant-robot-among-us\giant-robot-among-us\legs.cpp(109,31): warning C4305: 'argument': truncation from 'double' to 'GLfloat'
F:\temp\GP Assignment\giant-robot-among-us\giant-robot-among-us\legs.cpp(110,30): warning C4305: 'argument': truncation from 'double' to 'GLfloat'
F:\temp\GP Assignment\giant-robot-among-us\giant-robot-among-us\legs.cpp(111,30): warning C4305: 'argument': truncation from 'double' to 'GLfloat'
F:\temp\GP Assignment\giant-robot-among-us\giant-robot-among-us\legs.cpp(113,30): warning C4305: 'argument': truncation from 'double' to 'GLfloat'
F:\temp\GP Assignment\giant-robot-among-us\giant-robot-among-us\legs.cpp(114,31): warning C4305: 'argument': truncation from 'double' to 'GLfloat'
F:\temp\GP Assignment\giant-robot-among-us\giant-robot-among-us\legs.cpp(115,28): warning C4305: 'argument': truncation from 'double' to 'GLfloat'
F:\temp\GP Assignment\giant-robot-among-us\giant-robot-among-us\legs.cpp(116,30): warning C4305: 'argument': truncation from 'double' to 'GLfloat'
F:\temp\GP Assignment\giant-robot-among-us\giant-robot-among-us\legs.cpp(124,30): warning C4305: 'argument': truncation from 'double' to 'GLfloat'
F:\temp\GP Assignment\giant-robot-among-us\giant-robot-among-us\legs.cpp(125,31): warning C4305: 'argument': truncation from 'double' to 'GLfloat'
F:\temp\GP Assignment\giant-robot-among-us\giant-robot-among-us\legs.cpp(126,29): warning C4305: 'argument': truncation from 'double' to 'GLfloat'
F:\temp\GP Assignment\giant-robot-among-us\giant-robot-among-us\legs.cpp(127,28): warning C4305: 'argument': truncation from 'double' to 'GLfloat'
F:\temp\GP Assignment\giant-robot-among-us\giant-robot-among-us\legs.cpp(129,28): warning C4305: 'argument': truncation from 'double' to 'GLfloat'
F:\temp\GP Assignment\giant-robot-among-us\giant-robot-among-us\legs.cpp(130,31): warning C4305: 'argument': truncation from 'double' to 'GLfloat'
F:\temp\GP Assignment\giant-robot-among-us\giant-robot-among-us\legs.cpp(131,32): warning C4305: 'argument': truncation from 'double' to 'GLfloat'
F:\temp\GP Assignment\giant-robot-among-us\giant-robot-among-us\legs.cpp(132,29): warning C4305: 'argument': truncation from 'double' to 'GLfloat'
F:\temp\GP Assignment\giant-robot-among-us\giant-robot-among-us\legs.cpp(134,29): warning C4305: 'argument': truncation from 'double' to 'GLfloat'
F:\temp\GP Assignment\giant-robot-among-us\giant-robot-among-us\legs.cpp(135,31): warning C4305: 'argument': truncation from 'double' to 'GLfloat'
F:\temp\GP Assignment\giant-robot-among-us\giant-robot-among-us\legs.cpp(136,31): warning C4305: 'argument': truncation from 'double' to 'GLfloat'
F:\temp\GP Assignment\giant-robot-among-us\giant-robot-among-us\legs.cpp(137,32): warning C4305: 'argument': truncation from 'double' to 'GLfloat'
F:\temp\GP Assignment\giant-robot-among-us\giant-robot-among-us\legs.cpp(139,32): warning C4305: 'argument': truncation from 'double' to 'GLfloat'
F:\temp\GP Assignment\giant-robot-among-us\giant-robot-among-us\legs.cpp(140,31): warning C4305: 'argument': truncation from 'double' to 'GLfloat'
F:\temp\GP Assignment\giant-robot-among-us\giant-robot-among-us\legs.cpp(141,30): warning C4305: 'argument': truncation from 'double' to 'GLfloat'
F:\temp\GP Assignment\giant-robot-among-us\giant-robot-among-us\legs.cpp(142,31): warning C4305: 'argument': truncation from 'double' to 'GLfloat'
F:\temp\GP Assignment\giant-robot-among-us\giant-robot-among-us\legs.cpp(144,31): warning C4305: 'argument': truncation from 'double' to 'GLfloat'
F:\temp\GP Assignment\giant-robot-among-us\giant-robot-among-us\legs.cpp(145,31): warning C4305: 'argument': truncation from 'double' to 'GLfloat'
F:\temp\GP Assignment\giant-robot-among-us\giant-robot-among-us\legs.cpp(146,30): warning C4305: 'argument': truncation from 'double' to 'GLfloat'
F:\temp\GP Assignment\giant-robot-among-us\giant-robot-among-us\legs.cpp(147,30): warning C4305: 'argument': truncation from 'double' to 'GLfloat'
F:\temp\GP Assignment\giant-robot-among-us\giant-robot-among-us\legs.cpp(149,30): warning C4305: 'argument': truncation from 'double' to 'GLfloat'
F:\temp\GP Assignment\giant-robot-among-us\giant-robot-among-us\legs.cpp(150,31): warning C4305: 'argument': truncation from 'double' to 'GLfloat'
F:\temp\GP Assignment\giant-robot-among-us\giant-robot-among-us\legs.cpp(151,28): warning C4305: 'argument': truncation from 'double' to 'GLfloat'
F:\temp\GP Assignment\giant-robot-among-us\giant-robot-among-us\legs.cpp(152,30): warning C4305: 'argument': truncation from 'double' to 'GLfloat'
F:\temp\GP Assignment\giant-robot-among-us\giant-robot-among-us\legs.cpp(158,26): warning C4305: 'argument': truncation from 'double' to 'GLfloat'
F:\temp\GP Assignment\giant-robot-among-us\giant-robot-among-us\legs.cpp(160,28): warning C4305: 'argument': truncation from 'double' to 'float'
F:\temp\GP Assignment\giant-robot-among-us\giant-robot-among-us\legs.cpp(164,27): warning C4305: 'argument': truncation from 'double' to 'GLfloat'
F:\temp\GP Assignment\giant-robot-among-us\giant-robot-among-us\legs.cpp(166,29): warning C4305: 'argument': truncation from 'double' to 'float'
F:\temp\GP Assignment\giant-robot-among-us\giant-robot-among-us\legs.cpp(168,16): warning C4305: 'argument': truncation from 'double' to 'float'
  Generating Code...
  giant-robot-among-us.vcxproj -> F:\temp\GP Assignment\giant-robot-among-us\x64\Debug\giant-robot-among-us.exe
